<?xml version="1.0" encoding="UTF-8"?>
<!-- Generated by org.testng.reporters.JUnitReportReporter -->
<testsuite hostname="DESKTOP-UNRT3T7" failures="0" tests="1" name="com.gorest.apitests.BasicApiTests" time="4.828" errors="0" timestamp="2020-06-05T16:12:36 IST" skipped="0">
  <testcase classname="com.gorest.apitests.BasicApiTests" name="postUser" time="4.828"/>
  <system-out/>
</testsuite> <!-- com.gorest.apitests.BasicApiTests -->
