<?xml version="1.0" encoding="UTF-8"?>
<!-- Generated by org.testng.reporters.JUnitReportReporter -->
<testsuite hostname="DESKTOP-UNRT3T7" failures="0" tests="2" name="com.gorest.uitests.UITests" time="31.966" errors="0" timestamp="2020-06-05T16:12:36 IST" skipped="0">
  <testcase classname="com.gorest.uitests.UITests" name="verrifySearchuser" time="2.532"/>
  <system-out/>
  <testcase classname="com.gorest.uitests.UITests" name="verifyFacebooklogin" time="29.434"/>
  <system-out/>
</testsuite> <!-- com.gorest.uitests.UITests -->
