<?xml version="1.0" encoding="UTF-8"?>
<!-- Generated by org.testng.reporters.JUnitReportReporter -->
<testsuite hostname="DESKTOP-UNRT3T7" failures="0" tests="2" name="com.gorest.uitests.UITests" time="30.774" errors="0" timestamp="2020-06-05T23:09:51 IST" skipped="0">
  <testcase classname="com.gorest.uitests.UITests" name="verifyFacebooklogin" time="28.242"/>
  <testcase classname="com.gorest.uitests.UITests" name="verrifySearchuser" time="2.532"/>
</testsuite> <!-- com.gorest.uitests.UITests -->
